{"timestamp": "2025-07-29T20:26:08.142817", "level": "INFO", "logger": "kvm_backup.vm_manager", "message": "Connected to libvirt", "module": "logging_config", "function": "_log_with_kwargs", "line": 108, "taskName": null, "uri": "qemu:///system"}
{"timestamp": "2025-07-29T20:26:08.153171", "level": "INFO", "logger": "kvm_backup.vm_manager", "message": "Found 2 VMs", "module": "logging_config", "function": "_log_with_kwargs", "line": 108, "taskName": null, "vm_count": 2}
{"timestamp": "2025-07-29T20:26:08.155958", "level": "INFO", "logger": "kvm_backup.cli", "message": "Listed VMs", "module": "logging_config", "function": "_log_with_kwargs", "line": 108, "taskName": null, "vm_count": 2, "running_only": false}
{"timestamp": "2025-07-29T20:26:08.156425", "level": "INFO", "logger": "kvm_backup.vm_manager", "message": "Disconnected from libvirt", "module": "logging_config", "function": "_log_with_kwargs", "line": 110, "taskName": null}
{"timestamp": "2025-07-29T20:26:32.581025", "level": "INFO", "logger": "kvm_backup.api", "message": "Starting API server", "module": "logging_config", "function": "_log_with_kwargs", "line": 108, "taskName": null, "host": "0.0.0.0", "port": 8000}
{"timestamp": "2025-07-29T20:28:07.665554", "level": "INFO", "logger": "kvm_backup.api", "message": "KVM Backup API starting up", "module": "logging_config", "function": "_log_with_kwargs", "line": 110, "taskName": "Task-2"}
{"timestamp": "2025-07-29T20:28:07.667329", "level": "INFO", "logger": "kvm_backup.vm_manager", "message": "Connected to libvirt", "module": "logging_config", "function": "_log_with_kwargs", "line": 108, "taskName": "Task-2", "uri": "qemu:///system"}
{"timestamp": "2025-07-29T20:28:07.670399", "level": "INFO", "logger": "kvm_backup.vm_manager", "message": "Found 2 VMs", "module": "logging_config", "function": "_log_with_kwargs", "line": 108, "taskName": "Task-2", "vm_count": 2}
{"timestamp": "2025-07-29T20:28:07.670621", "level": "INFO", "logger": "kvm_backup.api", "message": "Libvirt connection successful", "module": "logging_config", "function": "_log_with_kwargs", "line": 108, "taskName": "Task-2", "vm_count": 2}
{"timestamp": "2025-07-29T20:28:07.671124", "level": "INFO", "logger": "kvm_backup.vm_manager", "message": "Disconnected from libvirt", "module": "logging_config", "function": "_log_with_kwargs", "line": 110, "taskName": "Task-2"}
{"timestamp": "2025-07-29T20:28:10.285453", "level": "INFO", "logger": "kvm_backup.api", "message": "KVM Backup API shutting down", "module": "logging_config", "function": "_log_with_kwargs", "line": 110, "taskName": "Task-2"}
{"timestamp": "2025-07-29T20:28:38.973577", "level": "INFO", "logger": "kvm_backup.api", "message": "Starting API server", "module": "logging_config", "function": "_log_with_kwargs", "line": 108, "taskName": null, "host": "0.0.0.0", "port": 8000}
{"timestamp": "2025-07-29T20:28:38.991221", "level": "INFO", "logger": "kvm_backup.api", "message": "KVM Backup API starting up", "module": "logging_config", "function": "_log_with_kwargs", "line": 110, "taskName": "Task-2"}
{"timestamp": "2025-07-29T20:28:38.992626", "level": "INFO", "logger": "kvm_backup.vm_manager", "message": "Connected to libvirt", "module": "logging_config", "function": "_log_with_kwargs", "line": 108, "taskName": "Task-2", "uri": "qemu:///system"}
{"timestamp": "2025-07-29T20:28:38.996755", "level": "INFO", "logger": "kvm_backup.vm_manager", "message": "Found 2 VMs", "module": "logging_config", "function": "_log_with_kwargs", "line": 108, "taskName": "Task-2", "vm_count": 2}
{"timestamp": "2025-07-29T20:28:38.997150", "level": "INFO", "logger": "kvm_backup.api", "message": "Libvirt connection successful", "module": "logging_config", "function": "_log_with_kwargs", "line": 108, "taskName": "Task-2", "vm_count": 2}
{"timestamp": "2025-07-29T20:28:38.997804", "level": "INFO", "logger": "kvm_backup.vm_manager", "message": "Disconnected from libvirt", "module": "logging_config", "function": "_log_with_kwargs", "line": 110, "taskName": "Task-2"}
{"timestamp": "2025-07-29T20:28:41.510031", "level": "INFO", "logger": "kvm_backup.api", "message": "KVM Backup API shutting down", "module": "logging_config", "function": "_log_with_kwargs", "line": 110, "taskName": "Task-2"}
{"timestamp": "2025-07-29T20:29:41.580731", "level": "INFO", "logger": "kvm_backup.vm_manager", "message": "Connected to libvirt", "module": "logging_config", "function": "_log_with_kwargs", "line": 108, "taskName": null, "uri": "qemu:///system"}
{"timestamp": "2025-07-29T20:29:41.590940", "level": "INFO", "logger": "kvm_backup.vm_manager", "message": "Found 2 VMs", "module": "logging_config", "function": "_log_with_kwargs", "line": 108, "taskName": null, "vm_count": 2}
{"timestamp": "2025-07-29T20:29:41.593161", "level": "INFO", "logger": "kvm_backup.vm_manager", "message": "Disconnected from libvirt", "module": "logging_config", "function": "_log_with_kwargs", "line": 110, "taskName": null}
{"timestamp": "2025-07-29T20:35:09.518037", "level": "INFO", "logger": "kvm_backup.api", "message": "KVM Backup API starting up", "module": "logging_config", "function": "_log_with_kwargs", "line": 110, "taskName": "Task-2"}
{"timestamp": "2025-07-29T20:35:09.519712", "level": "INFO", "logger": "kvm_backup.vm_manager", "message": "Connected to libvirt", "module": "logging_config", "function": "_log_with_kwargs", "line": 108, "taskName": "Task-2", "uri": "qemu:///system"}
{"timestamp": "2025-07-29T20:35:09.522740", "level": "INFO", "logger": "kvm_backup.vm_manager", "message": "Found 2 VMs", "module": "logging_config", "function": "_log_with_kwargs", "line": 108, "taskName": "Task-2", "vm_count": 2}
{"timestamp": "2025-07-29T20:35:09.522939", "level": "INFO", "logger": "kvm_backup.api", "message": "Libvirt connection successful", "module": "logging_config", "function": "_log_with_kwargs", "line": 108, "taskName": "Task-2", "vm_count": 2}
{"timestamp": "2025-07-29T20:35:09.524275", "level": "INFO", "logger": "kvm_backup.vm_manager", "message": "Disconnected from libvirt", "module": "logging_config", "function": "_log_with_kwargs", "line": 110, "taskName": "Task-2"}
{"timestamp": "2025-07-29T20:37:32.381178", "level": "INFO", "logger": "kvm_backup.vm_manager", "message": "Connected to libvirt", "module": "logging_config", "function": "_log_with_kwargs", "line": 108, "taskName": "Task-13", "uri": "qemu:///system"}
{"timestamp": "2025-07-29T20:37:32.384792", "level": "INFO", "logger": "kvm_backup.vm_manager", "message": "Found 2 VMs", "module": "logging_config", "function": "_log_with_kwargs", "line": 108, "taskName": "Task-13", "vm_count": 2}
{"timestamp": "2025-07-29T20:37:32.385230", "level": "INFO", "logger": "kvm_backup.vm_manager", "message": "Disconnected from libvirt", "module": "logging_config", "function": "_log_with_kwargs", "line": 110, "taskName": "Task-13"}
{"timestamp": "2025-07-29T20:37:42.246218", "level": "INFO", "logger": "kvm_backup.vm_manager", "message": "Connected to libvirt", "module": "logging_config", "function": "_log_with_kwargs", "line": 108, "taskName": "Task-19", "uri": "qemu:///system"}
{"timestamp": "2025-07-29T20:37:42.252254", "level": "INFO", "logger": "kvm_backup.vm_manager", "message": "Found 2 VMs", "module": "logging_config", "function": "_log_with_kwargs", "line": 108, "taskName": "Task-19", "vm_count": 2}
{"timestamp": "2025-07-29T20:37:42.253082", "level": "INFO", "logger": "kvm_backup.vm_manager", "message": "Disconnected from libvirt", "module": "logging_config", "function": "_log_with_kwargs", "line": 110, "taskName": "Task-19"}
{"timestamp": "2025-07-29T20:37:52.326796", "level": "INFO", "logger": "kvm_backup.api", "message": "KVM Backup API starting up", "module": "logging_config", "function": "_log_with_kwargs", "line": 110, "taskName": "Task-2"}
{"timestamp": "2025-07-29T20:37:52.328165", "level": "INFO", "logger": "kvm_backup.vm_manager", "message": "Connected to libvirt", "module": "logging_config", "function": "_log_with_kwargs", "line": 108, "taskName": "Task-2", "uri": "qemu:///system"}
{"timestamp": "2025-07-29T20:37:52.330380", "level": "INFO", "logger": "kvm_backup.vm_manager", "message": "Found 2 VMs", "module": "logging_config", "function": "_log_with_kwargs", "line": 108, "taskName": "Task-2", "vm_count": 2}
{"timestamp": "2025-07-29T20:37:52.330579", "level": "INFO", "logger": "kvm_backup.api", "message": "Libvirt connection successful", "module": "logging_config", "function": "_log_with_kwargs", "line": 108, "taskName": "Task-2", "vm_count": 2}
{"timestamp": "2025-07-29T20:37:52.331004", "level": "INFO", "logger": "kvm_backup.vm_manager", "message": "Disconnected from libvirt", "module": "logging_config", "function": "_log_with_kwargs", "line": 110, "taskName": "Task-2"}
{"timestamp": "2025-07-29T20:37:52.331805", "level": "INFO", "logger": "kvm_backup.api", "message": "KVM Backup API shutting down", "module": "logging_config", "function": "_log_with_kwargs", "line": 110, "taskName": "Task-2"}
{"timestamp": "2025-07-29T20:37:53.769749", "level": "INFO", "logger": "kvm_backup.vm_manager", "message": "Connected to libvirt", "module": "logging_config", "function": "_log_with_kwargs", "line": 108, "taskName": "Task-21", "uri": "qemu:///system"}
{"timestamp": "2025-07-29T20:37:53.774139", "level": "INFO", "logger": "kvm_backup.vm_manager", "message": "Found 2 VMs", "module": "logging_config", "function": "_log_with_kwargs", "line": 108, "taskName": "Task-21", "vm_count": 2}
{"timestamp": "2025-07-29T20:37:53.774865", "level": "INFO", "logger": "kvm_backup.vm_manager", "message": "Disconnected from libvirt", "module": "logging_config", "function": "_log_with_kwargs", "line": 110, "taskName": "Task-21"}
{"timestamp": "2025-07-29T20:40:35.784743", "level": "INFO", "logger": "kvm_backup.api", "message": "KVM Backup API starting up", "module": "logging_config", "function": "_log_with_kwargs", "line": 110, "taskName": "Task-2"}
{"timestamp": "2025-07-29T20:40:36.211516", "level": "INFO", "logger": "kvm_backup.vm_manager", "message": "Connected to libvirt", "module": "logging_config", "function": "_log_with_kwargs", "line": 108, "taskName": "Task-2", "uri": "qemu:///system"}
{"timestamp": "2025-07-29T20:40:36.215264", "level": "INFO", "logger": "kvm_backup.vm_manager", "message": "Found 2 VMs", "module": "logging_config", "function": "_log_with_kwargs", "line": 108, "taskName": "Task-2", "vm_count": 2}
{"timestamp": "2025-07-29T20:40:36.215662", "level": "INFO", "logger": "kvm_backup.api", "message": "Libvirt connection successful", "module": "logging_config", "function": "_log_with_kwargs", "line": 108, "taskName": "Task-2", "vm_count": 2}
{"timestamp": "2025-07-29T20:40:36.216488", "level": "INFO", "logger": "kvm_backup.vm_manager", "message": "Disconnected from libvirt", "module": "logging_config", "function": "_log_with_kwargs", "line": 110, "taskName": "Task-2"}
{"timestamp": "2025-07-29T20:40:36.219720", "level": "INFO", "logger": "kvm_backup.api", "message": "KVM Backup API shutting down", "module": "logging_config", "function": "_log_with_kwargs", "line": 110, "taskName": "Task-2"}
{"timestamp": "2025-07-29T20:48:46.675562", "level": "INFO", "logger": "kvm_backup.api", "message": "KVM Backup API shutting down", "module": "logging_config", "function": "_log_with_kwargs", "line": 110, "taskName": "Task-2"}
{"timestamp": "2025-07-29T20:48:49.274871", "level": "INFO", "logger": "kvm_backup.api", "message": "KVM Backup API starting up", "module": "logging_config", "function": "_log_with_kwargs", "line": 110, "taskName": "Task-2"}
{"timestamp": "2025-07-29T20:48:49.704773", "level": "INFO", "logger": "kvm_backup.vm_manager", "message": "Connected to libvirt", "module": "logging_config", "function": "_log_with_kwargs", "line": 108, "taskName": "Task-2", "uri": "qemu:///system"}
{"timestamp": "2025-07-29T20:48:49.708986", "level": "INFO", "logger": "kvm_backup.vm_manager", "message": "Found 2 VMs", "module": "logging_config", "function": "_log_with_kwargs", "line": 108, "taskName": "Task-2", "vm_count": 2}
{"timestamp": "2025-07-29T20:48:49.709295", "level": "INFO", "logger": "kvm_backup.api", "message": "Libvirt connection successful", "module": "logging_config", "function": "_log_with_kwargs", "line": 108, "taskName": "Task-2", "vm_count": 2}
{"timestamp": "2025-07-29T20:48:49.709815", "level": "INFO", "logger": "kvm_backup.vm_manager", "message": "Disconnected from libvirt", "module": "logging_config", "function": "_log_with_kwargs", "line": 110, "taskName": "Task-2"}
{"timestamp": "2025-07-29T20:50:54.364565", "level": "INFO", "logger": "kvm_backup.api", "message": "KVM Backup API starting up", "module": "logging_config", "function": "_log_with_kwargs", "line": 110, "taskName": "Task-2"}
{"timestamp": "2025-07-29T20:50:54.780708", "level": "INFO", "logger": "kvm_backup.vm_manager", "message": "Connected to libvirt", "module": "logging_config", "function": "_log_with_kwargs", "line": 108, "taskName": "Task-2", "uri": "qemu:///system"}
{"timestamp": "2025-07-29T20:50:54.784058", "level": "INFO", "logger": "kvm_backup.vm_manager", "message": "Found 2 VMs", "module": "logging_config", "function": "_log_with_kwargs", "line": 108, "taskName": "Task-2", "vm_count": 2}
{"timestamp": "2025-07-29T20:50:54.784318", "level": "INFO", "logger": "kvm_backup.api", "message": "Libvirt connection successful", "module": "logging_config", "function": "_log_with_kwargs", "line": 108, "taskName": "Task-2", "vm_count": 2}
{"timestamp": "2025-07-29T20:50:54.785035", "level": "INFO", "logger": "kvm_backup.vm_manager", "message": "Disconnected from libvirt", "module": "logging_config", "function": "_log_with_kwargs", "line": 110, "taskName": "Task-2"}
{"timestamp": "2025-07-29T20:50:54.786029", "level": "INFO", "logger": "kvm_backup.api", "message": "KVM Backup API shutting down", "module": "logging_config", "function": "_log_with_kwargs", "line": 110, "taskName": "Task-2"}
{"timestamp": "2025-07-29T20:52:42.702999", "level": "INFO", "logger": "kvm_backup.api", "message": "KVM Backup API shutting down", "module": "logging_config", "function": "_log_with_kwargs", "line": 110, "taskName": "Task-2"}
{"timestamp": "2025-07-29T20:52:43.831143", "level": "INFO", "logger": "kvm_backup.api", "message": "KVM Backup API starting up", "module": "logging_config", "function": "_log_with_kwargs", "line": 110, "taskName": "Task-2"}
{"timestamp": "2025-07-29T20:52:43.832928", "level": "INFO", "logger": "kvm_backup.vm_manager", "message": "Connected to libvirt", "module": "logging_config", "function": "_log_with_kwargs", "line": 108, "taskName": "Task-2", "uri": "qemu:///system"}
{"timestamp": "2025-07-29T20:52:43.839642", "level": "INFO", "logger": "kvm_backup.vm_manager", "message": "Found 2 VMs", "module": "logging_config", "function": "_log_with_kwargs", "line": 108, "taskName": "Task-2", "vm_count": 2}
{"timestamp": "2025-07-29T20:52:43.839951", "level": "INFO", "logger": "kvm_backup.api", "message": "Libvirt connection successful", "module": "logging_config", "function": "_log_with_kwargs", "line": 108, "taskName": "Task-2", "vm_count": 2}
{"timestamp": "2025-07-29T20:52:43.840900", "level": "INFO", "logger": "kvm_backup.vm_manager", "message": "Disconnected from libvirt", "module": "logging_config", "function": "_log_with_kwargs", "line": 110, "taskName": "Task-2"}
{"timestamp": "2025-07-29T20:57:10.565272", "level": "INFO", "logger": "kvm_backup.api", "message": "KVM Backup API shutting down", "module": "logging_config", "function": "_log_with_kwargs", "line": 110, "taskName": "Task-2"}
{"timestamp": "2025-07-29T20:57:11.552123", "level": "INFO", "logger": "kvm_backup.api", "message": "KVM Backup API starting up", "module": "logging_config", "function": "_log_with_kwargs", "line": 110, "taskName": "Task-2"}
{"timestamp": "2025-07-29T20:57:11.554587", "level": "INFO", "logger": "kvm_backup.vm_manager", "message": "Connected to libvirt", "module": "logging_config", "function": "_log_with_kwargs", "line": 108, "taskName": "Task-2", "uri": "qemu:///system"}
{"timestamp": "2025-07-29T20:57:11.560287", "level": "INFO", "logger": "kvm_backup.vm_manager", "message": "Found 2 VMs", "module": "logging_config", "function": "_log_with_kwargs", "line": 108, "taskName": "Task-2", "vm_count": 2}
{"timestamp": "2025-07-29T20:57:11.561095", "level": "INFO", "logger": "kvm_backup.api", "message": "Libvirt connection successful", "module": "logging_config", "function": "_log_with_kwargs", "line": 108, "taskName": "Task-2", "vm_count": 2}
{"timestamp": "2025-07-29T20:57:11.562302", "level": "INFO", "logger": "kvm_backup.vm_manager", "message": "Disconnected from libvirt", "module": "logging_config", "function": "_log_with_kwargs", "line": 110, "taskName": "Task-2"}
{"timestamp": "2025-07-29T20:57:20.596939", "level": "INFO", "logger": "kvm_backup.api", "message": "KVM Backup API shutting down", "module": "logging_config", "function": "_log_with_kwargs", "line": 110, "taskName": "Task-2"}
{"timestamp": "2025-07-29T20:57:21.204305", "level": "INFO", "logger": "kvm_backup.api", "message": "KVM Backup API starting up", "module": "logging_config", "function": "_log_with_kwargs", "line": 110, "taskName": "Task-2"}
{"timestamp": "2025-07-29T20:57:21.205884", "level": "INFO", "logger": "kvm_backup.vm_manager", "message": "Connected to libvirt", "module": "logging_config", "function": "_log_with_kwargs", "line": 108, "taskName": "Task-2", "uri": "qemu:///system"}
{"timestamp": "2025-07-29T20:57:21.209746", "level": "INFO", "logger": "kvm_backup.vm_manager", "message": "Found 2 VMs", "module": "logging_config", "function": "_log_with_kwargs", "line": 108, "taskName": "Task-2", "vm_count": 2}
{"timestamp": "2025-07-29T20:57:21.210138", "level": "INFO", "logger": "kvm_backup.api", "message": "Libvirt connection successful", "module": "logging_config", "function": "_log_with_kwargs", "line": 108, "taskName": "Task-2", "vm_count": 2}
{"timestamp": "2025-07-29T20:57:21.211220", "level": "INFO", "logger": "kvm_backup.vm_manager", "message": "Disconnected from libvirt", "module": "logging_config", "function": "_log_with_kwargs", "line": 110, "taskName": "Task-2"}
{"timestamp": "2025-07-29T21:05:23.897087", "level": "INFO", "logger": "kvm_backup.api", "message": "KVM Backup API shutting down", "module": "logging_config", "function": "_log_with_kwargs", "line": 110, "taskName": "Task-2"}
{"timestamp": "2025-07-29T21:05:24.408072", "level": "INFO", "logger": "kvm_backup.api", "message": "KVM Backup API starting up", "module": "logging_config", "function": "_log_with_kwargs", "line": 110, "taskName": "Task-2"}
{"timestamp": "2025-07-29T21:05:24.409486", "level": "INFO", "logger": "kvm_backup.vm_manager", "message": "Connected to libvirt", "module": "logging_config", "function": "_log_with_kwargs", "line": 108, "taskName": "Task-2", "uri": "qemu:///system"}
{"timestamp": "2025-07-29T21:05:24.412873", "level": "INFO", "logger": "kvm_backup.vm_manager", "message": "Found 2 VMs", "module": "logging_config", "function": "_log_with_kwargs", "line": 108, "taskName": "Task-2", "vm_count": 2}
{"timestamp": "2025-07-29T21:05:24.413139", "level": "INFO", "logger": "kvm_backup.api", "message": "Libvirt connection successful", "module": "logging_config", "function": "_log_with_kwargs", "line": 108, "taskName": "Task-2", "vm_count": 2}
{"timestamp": "2025-07-29T21:05:24.413802", "level": "INFO", "logger": "kvm_backup.vm_manager", "message": "Disconnected from libvirt", "module": "logging_config", "function": "_log_with_kwargs", "line": 110, "taskName": "Task-2"}
{"timestamp": "2025-07-29T21:44:01.605214", "level": "INFO", "logger": "kvm_backup.api", "message": "KVM Backup API shutting down", "module": "logging_config", "function": "_log_with_kwargs", "line": 110, "taskName": "Task-2"}
{"timestamp": "2025-07-29T21:44:02.327395", "level": "INFO", "logger": "kvm_backup.api", "message": "KVM Backup API starting up", "module": "logging_config", "function": "_log_with_kwargs", "line": 110, "taskName": "Task-2"}
{"timestamp": "2025-07-29T21:44:02.329286", "level": "INFO", "logger": "kvm_backup.vm_manager", "message": "Connected to libvirt", "module": "logging_config", "function": "_log_with_kwargs", "line": 108, "taskName": "Task-2", "uri": "qemu:///system"}
{"timestamp": "2025-07-29T21:44:02.333435", "level": "INFO", "logger": "kvm_backup.vm_manager", "message": "Found 2 VMs", "module": "logging_config", "function": "_log_with_kwargs", "line": 108, "taskName": "Task-2", "vm_count": 2}
{"timestamp": "2025-07-29T21:44:02.333746", "level": "INFO", "logger": "kvm_backup.api", "message": "Libvirt connection successful", "module": "logging_config", "function": "_log_with_kwargs", "line": 108, "taskName": "Task-2", "vm_count": 2}
{"timestamp": "2025-07-29T21:44:02.334406", "level": "INFO", "logger": "kvm_backup.vm_manager", "message": "Disconnected from libvirt", "module": "logging_config", "function": "_log_with_kwargs", "line": 110, "taskName": "Task-2"}
{"timestamp": "2025-07-29T21:44:28.022480", "level": "INFO", "logger": "kvm_backup.api", "message": "KVM Backup API shutting down", "module": "logging_config", "function": "_log_with_kwargs", "line": 110, "taskName": "Task-2"}
{"timestamp": "2025-07-29T21:44:28.654664", "level": "INFO", "logger": "kvm_backup.api", "message": "KVM Backup API starting up", "module": "logging_config", "function": "_log_with_kwargs", "line": 110, "taskName": "Task-2"}
{"timestamp": "2025-07-29T21:44:28.656099", "level": "INFO", "logger": "kvm_backup.vm_manager", "message": "Connected to libvirt", "module": "logging_config", "function": "_log_with_kwargs", "line": 108, "taskName": "Task-2", "uri": "qemu:///system"}
{"timestamp": "2025-07-29T21:44:28.658496", "level": "INFO", "logger": "kvm_backup.vm_manager", "message": "Found 2 VMs", "module": "logging_config", "function": "_log_with_kwargs", "line": 108, "taskName": "Task-2", "vm_count": 2}
{"timestamp": "2025-07-29T21:44:28.658726", "level": "INFO", "logger": "kvm_backup.api", "message": "Libvirt connection successful", "module": "logging_config", "function": "_log_with_kwargs", "line": 108, "taskName": "Task-2", "vm_count": 2}
{"timestamp": "2025-07-29T21:44:28.659364", "level": "INFO", "logger": "kvm_backup.vm_manager", "message": "Disconnected from libvirt", "module": "logging_config", "function": "_log_with_kwargs", "line": 110, "taskName": "Task-2"}
{"timestamp": "2025-07-29T21:51:51.197495", "level": "INFO", "logger": "kvm_backup.api", "message": "KVM Backup API shutting down", "module": "logging_config", "function": "_log_with_kwargs", "line": 110, "taskName": "Task-2"}
{"timestamp": "2025-07-29T21:51:52.409698", "level": "INFO", "logger": "kvm_backup.api", "message": "KVM Backup API starting up", "module": "logging_config", "function": "_log_with_kwargs", "line": 110, "taskName": "Task-2"}
{"timestamp": "2025-07-29T21:51:52.411917", "level": "INFO", "logger": "kvm_backup.vm_manager", "message": "Connected to libvirt", "module": "logging_config", "function": "_log_with_kwargs", "line": 108, "taskName": "Task-2", "uri": "qemu:///system"}
{"timestamp": "2025-07-29T21:51:52.416643", "level": "INFO", "logger": "kvm_backup.vm_manager", "message": "Found 2 VMs", "module": "logging_config", "function": "_log_with_kwargs", "line": 108, "taskName": "Task-2", "vm_count": 2}
{"timestamp": "2025-07-29T21:51:52.416930", "level": "INFO", "logger": "kvm_backup.api", "message": "Libvirt connection successful", "module": "logging_config", "function": "_log_with_kwargs", "line": 108, "taskName": "Task-2", "vm_count": 2}
{"timestamp": "2025-07-29T21:51:52.417432", "level": "INFO", "logger": "kvm_backup.vm_manager", "message": "Disconnected from libvirt", "module": "logging_config", "function": "_log_with_kwargs", "line": 110, "taskName": "Task-2"}
{"timestamp": "2025-07-29T21:52:04.166844", "level": "INFO", "logger": "kvm_backup.api", "message": "KVM Backup API shutting down", "module": "logging_config", "function": "_log_with_kwargs", "line": 110, "taskName": "Task-2"}
{"timestamp": "2025-07-29T21:52:05.102581", "level": "INFO", "logger": "kvm_backup.api", "message": "KVM Backup API starting up", "module": "logging_config", "function": "_log_with_kwargs", "line": 110, "taskName": "Task-2"}
{"timestamp": "2025-07-29T21:52:05.111142", "level": "INFO", "logger": "kvm_backup.vm_manager", "message": "Connected to libvirt", "module": "logging_config", "function": "_log_with_kwargs", "line": 108, "taskName": "Task-2", "uri": "qemu:///system"}
{"timestamp": "2025-07-29T21:52:05.121157", "level": "INFO", "logger": "kvm_backup.vm_manager", "message": "Found 2 VMs", "module": "logging_config", "function": "_log_with_kwargs", "line": 108, "taskName": "Task-2", "vm_count": 2}
{"timestamp": "2025-07-29T21:52:05.121658", "level": "INFO", "logger": "kvm_backup.api", "message": "Libvirt connection successful", "module": "logging_config", "function": "_log_with_kwargs", "line": 108, "taskName": "Task-2", "vm_count": 2}
{"timestamp": "2025-07-29T21:52:05.123905", "level": "INFO", "logger": "kvm_backup.vm_manager", "message": "Disconnected from libvirt", "module": "logging_config", "function": "_log_with_kwargs", "line": 110, "taskName": "Task-2"}
{"timestamp": "2025-07-29T21:52:27.111070", "level": "INFO", "logger": "kvm_backup.api", "message": "KVM Backup API shutting down", "module": "logging_config", "function": "_log_with_kwargs", "line": 110, "taskName": "Task-2"}
{"timestamp": "2025-07-29T21:52:28.157971", "level": "INFO", "logger": "kvm_backup.api", "message": "KVM Backup API starting up", "module": "logging_config", "function": "_log_with_kwargs", "line": 110, "taskName": "Task-2"}
{"timestamp": "2025-07-29T21:52:28.159588", "level": "INFO", "logger": "kvm_backup.vm_manager", "message": "Connected to libvirt", "module": "logging_config", "function": "_log_with_kwargs", "line": 108, "taskName": "Task-2", "uri": "qemu:///system"}
{"timestamp": "2025-07-29T21:52:28.164860", "level": "INFO", "logger": "kvm_backup.vm_manager", "message": "Found 2 VMs", "module": "logging_config", "function": "_log_with_kwargs", "line": 108, "taskName": "Task-2", "vm_count": 2}
{"timestamp": "2025-07-29T21:52:28.165194", "level": "INFO", "logger": "kvm_backup.api", "message": "Libvirt connection successful", "module": "logging_config", "function": "_log_with_kwargs", "line": 108, "taskName": "Task-2", "vm_count": 2}
{"timestamp": "2025-07-29T21:52:28.166549", "level": "INFO", "logger": "kvm_backup.vm_manager", "message": "Disconnected from libvirt", "module": "logging_config", "function": "_log_with_kwargs", "line": 110, "taskName": "Task-2"}
{"timestamp": "2025-07-29T21:52:53.867943", "level": "INFO", "logger": "kvm_backup.api", "message": "KVM Backup API shutting down", "module": "logging_config", "function": "_log_with_kwargs", "line": 110, "taskName": "Task-2"}
{"timestamp": "2025-07-29T21:52:54.785814", "level": "INFO", "logger": "kvm_backup.api", "message": "KVM Backup API starting up", "module": "logging_config", "function": "_log_with_kwargs", "line": 110, "taskName": "Task-2"}
{"timestamp": "2025-07-29T21:52:54.787875", "level": "INFO", "logger": "kvm_backup.vm_manager", "message": "Connected to libvirt", "module": "logging_config", "function": "_log_with_kwargs", "line": 108, "taskName": "Task-2", "uri": "qemu:///system"}
{"timestamp": "2025-07-29T21:52:54.792619", "level": "INFO", "logger": "kvm_backup.vm_manager", "message": "Found 2 VMs", "module": "logging_config", "function": "_log_with_kwargs", "line": 108, "taskName": "Task-2", "vm_count": 2}
{"timestamp": "2025-07-29T21:52:54.793172", "level": "INFO", "logger": "kvm_backup.api", "message": "Libvirt connection successful", "module": "logging_config", "function": "_log_with_kwargs", "line": 108, "taskName": "Task-2", "vm_count": 2}
{"timestamp": "2025-07-29T21:52:54.794236", "level": "INFO", "logger": "kvm_backup.vm_manager", "message": "Disconnected from libvirt", "module": "logging_config", "function": "_log_with_kwargs", "line": 110, "taskName": "Task-2"}
{"timestamp": "2025-07-29T21:53:28.517397", "level": "INFO", "logger": "kvm_backup.api", "message": "KVM Backup API shutting down", "module": "logging_config", "function": "_log_with_kwargs", "line": 110, "taskName": "Task-2"}
{"timestamp": "2025-07-29T21:53:29.332375", "level": "INFO", "logger": "kvm_backup.api", "message": "KVM Backup API starting up", "module": "logging_config", "function": "_log_with_kwargs", "line": 110, "taskName": "Task-2"}
{"timestamp": "2025-07-29T21:53:29.335114", "level": "INFO", "logger": "kvm_backup.vm_manager", "message": "Connected to libvirt", "module": "logging_config", "function": "_log_with_kwargs", "line": 108, "taskName": "Task-2", "uri": "qemu:///system"}
{"timestamp": "2025-07-29T21:53:29.340427", "level": "INFO", "logger": "kvm_backup.vm_manager", "message": "Found 2 VMs", "module": "logging_config", "function": "_log_with_kwargs", "line": 108, "taskName": "Task-2", "vm_count": 2}
{"timestamp": "2025-07-29T21:53:29.340742", "level": "INFO", "logger": "kvm_backup.api", "message": "Libvirt connection successful", "module": "logging_config", "function": "_log_with_kwargs", "line": 108, "taskName": "Task-2", "vm_count": 2}
{"timestamp": "2025-07-29T21:53:29.341505", "level": "INFO", "logger": "kvm_backup.vm_manager", "message": "Disconnected from libvirt", "module": "logging_config", "function": "_log_with_kwargs", "line": 110, "taskName": "Task-2"}
{"timestamp": "2025-07-29T21:53:48.528623", "level": "INFO", "logger": "kvm_backup.api", "message": "KVM Backup API shutting down", "module": "logging_config", "function": "_log_with_kwargs", "line": 110, "taskName": "Task-2"}
{"timestamp": "2025-07-29T21:53:49.463889", "level": "INFO", "logger": "kvm_backup.api", "message": "KVM Backup API starting up", "module": "logging_config", "function": "_log_with_kwargs", "line": 110, "taskName": "Task-2"}
{"timestamp": "2025-07-29T21:53:49.465964", "level": "INFO", "logger": "kvm_backup.vm_manager", "message": "Connected to libvirt", "module": "logging_config", "function": "_log_with_kwargs", "line": 108, "taskName": "Task-2", "uri": "qemu:///system"}
{"timestamp": "2025-07-29T21:53:49.469642", "level": "INFO", "logger": "kvm_backup.vm_manager", "message": "Found 2 VMs", "module": "logging_config", "function": "_log_with_kwargs", "line": 108, "taskName": "Task-2", "vm_count": 2}
{"timestamp": "2025-07-29T21:53:49.469997", "level": "INFO", "logger": "kvm_backup.api", "message": "Libvirt connection successful", "module": "logging_config", "function": "_log_with_kwargs", "line": 108, "taskName": "Task-2", "vm_count": 2}
{"timestamp": "2025-07-29T21:53:49.470569", "level": "INFO", "logger": "kvm_backup.vm_manager", "message": "Disconnected from libvirt", "module": "logging_config", "function": "_log_with_kwargs", "line": 110, "taskName": "Task-2"}
{"timestamp": "2025-07-29T21:54:04.840141", "level": "INFO", "logger": "kvm_backup.api", "message": "KVM Backup API shutting down", "module": "logging_config", "function": "_log_with_kwargs", "line": 110, "taskName": "Task-2"}
{"timestamp": "2025-07-29T21:54:05.660572", "level": "INFO", "logger": "kvm_backup.api", "message": "KVM Backup API starting up", "module": "logging_config", "function": "_log_with_kwargs", "line": 110, "taskName": "Task-2"}
{"timestamp": "2025-07-29T21:54:05.663074", "level": "INFO", "logger": "kvm_backup.vm_manager", "message": "Connected to libvirt", "module": "logging_config", "function": "_log_with_kwargs", "line": 108, "taskName": "Task-2", "uri": "qemu:///system"}
{"timestamp": "2025-07-29T21:54:05.667902", "level": "INFO", "logger": "kvm_backup.vm_manager", "message": "Found 2 VMs", "module": "logging_config", "function": "_log_with_kwargs", "line": 108, "taskName": "Task-2", "vm_count": 2}
{"timestamp": "2025-07-29T21:54:05.668443", "level": "INFO", "logger": "kvm_backup.api", "message": "Libvirt connection successful", "module": "logging_config", "function": "_log_with_kwargs", "line": 108, "taskName": "Task-2", "vm_count": 2}
{"timestamp": "2025-07-29T21:54:05.669180", "level": "INFO", "logger": "kvm_backup.vm_manager", "message": "Disconnected from libvirt", "module": "logging_config", "function": "_log_with_kwargs", "line": 110, "taskName": "Task-2"}
{"timestamp": "2025-07-29T21:54:24.036218", "level": "INFO", "logger": "kvm_backup.api", "message": "KVM Backup API shutting down", "module": "logging_config", "function": "_log_with_kwargs", "line": 110, "taskName": "Task-2"}
{"timestamp": "2025-07-29T21:54:24.960510", "level": "INFO", "logger": "kvm_backup.api", "message": "KVM Backup API starting up", "module": "logging_config", "function": "_log_with_kwargs", "line": 110, "taskName": "Task-2"}
{"timestamp": "2025-07-29T21:54:24.962438", "level": "INFO", "logger": "kvm_backup.vm_manager", "message": "Connected to libvirt", "module": "logging_config", "function": "_log_with_kwargs", "line": 108, "taskName": "Task-2", "uri": "qemu:///system"}
{"timestamp": "2025-07-29T21:54:24.966925", "level": "INFO", "logger": "kvm_backup.vm_manager", "message": "Found 2 VMs", "module": "logging_config", "function": "_log_with_kwargs", "line": 108, "taskName": "Task-2", "vm_count": 2}
{"timestamp": "2025-07-29T21:54:24.967249", "level": "INFO", "logger": "kvm_backup.api", "message": "Libvirt connection successful", "module": "logging_config", "function": "_log_with_kwargs", "line": 108, "taskName": "Task-2", "vm_count": 2}
{"timestamp": "2025-07-29T21:54:24.968279", "level": "INFO", "logger": "kvm_backup.vm_manager", "message": "Disconnected from libvirt", "module": "logging_config", "function": "_log_with_kwargs", "line": 110, "taskName": "Task-2"}
{"timestamp": "2025-07-29T21:54:59.100975", "level": "INFO", "logger": "kvm_backup.api", "message": "KVM Backup API shutting down", "module": "logging_config", "function": "_log_with_kwargs", "line": 110, "taskName": "Task-2"}
{"timestamp": "2025-07-29T21:54:59.982960", "level": "INFO", "logger": "kvm_backup.api", "message": "KVM Backup API starting up", "module": "logging_config", "function": "_log_with_kwargs", "line": 110, "taskName": "Task-2"}
{"timestamp": "2025-07-29T21:54:59.985561", "level": "INFO", "logger": "kvm_backup.vm_manager", "message": "Connected to libvirt", "module": "logging_config", "function": "_log_with_kwargs", "line": 108, "taskName": "Task-2", "uri": "qemu:///system"}
{"timestamp": "2025-07-29T21:54:59.991478", "level": "INFO", "logger": "kvm_backup.vm_manager", "message": "Found 2 VMs", "module": "logging_config", "function": "_log_with_kwargs", "line": 108, "taskName": "Task-2", "vm_count": 2}
{"timestamp": "2025-07-29T21:54:59.991996", "level": "INFO", "logger": "kvm_backup.api", "message": "Libvirt connection successful", "module": "logging_config", "function": "_log_with_kwargs", "line": 108, "taskName": "Task-2", "vm_count": 2}
{"timestamp": "2025-07-29T21:54:59.992720", "level": "INFO", "logger": "kvm_backup.vm_manager", "message": "Disconnected from libvirt", "module": "logging_config", "function": "_log_with_kwargs", "line": 110, "taskName": "Task-2"}
{"timestamp": "2025-07-29T21:55:25.096400", "level": "INFO", "logger": "kvm_backup.api", "message": "KVM Backup API shutting down", "module": "logging_config", "function": "_log_with_kwargs", "line": 110, "taskName": "Task-2"}
{"timestamp": "2025-07-29T21:55:26.113357", "level": "INFO", "logger": "kvm_backup.api", "message": "KVM Backup API starting up", "module": "logging_config", "function": "_log_with_kwargs", "line": 110, "taskName": "Task-2"}
{"timestamp": "2025-07-29T21:55:26.121075", "level": "INFO", "logger": "kvm_backup.vm_manager", "message": "Connected to libvirt", "module": "logging_config", "function": "_log_with_kwargs", "line": 108, "taskName": "Task-2", "uri": "qemu:///system"}
{"timestamp": "2025-07-29T21:55:26.135168", "level": "INFO", "logger": "kvm_backup.vm_manager", "message": "Found 2 VMs", "module": "logging_config", "function": "_log_with_kwargs", "line": 108, "taskName": "Task-2", "vm_count": 2}
{"timestamp": "2025-07-29T21:55:26.135559", "level": "INFO", "logger": "kvm_backup.api", "message": "Libvirt connection successful", "module": "logging_config", "function": "_log_with_kwargs", "line": 108, "taskName": "Task-2", "vm_count": 2}
{"timestamp": "2025-07-29T21:55:26.136694", "level": "INFO", "logger": "kvm_backup.vm_manager", "message": "Disconnected from libvirt", "module": "logging_config", "function": "_log_with_kwargs", "line": 110, "taskName": "Task-2"}
{"timestamp": "2025-07-29T21:58:35.468060", "level": "INFO", "logger": "kvm_backup.api", "message": "KVM Backup API shutting down", "module": "logging_config", "function": "_log_with_kwargs", "line": 110, "taskName": "Task-2"}
{"timestamp": "2025-07-29T21:58:36.503357", "level": "INFO", "logger": "kvm_backup.api", "message": "KVM Backup API starting up", "module": "logging_config", "function": "_log_with_kwargs", "line": 110, "taskName": "Task-2"}
{"timestamp": "2025-07-29T21:58:36.508544", "level": "INFO", "logger": "kvm_backup.vm_manager", "message": "Connected to libvirt", "module": "logging_config", "function": "_log_with_kwargs", "line": 108, "taskName": "Task-2", "uri": "qemu:///system"}
{"timestamp": "2025-07-29T21:58:36.517103", "level": "INFO", "logger": "kvm_backup.vm_manager", "message": "Found 2 VMs", "module": "logging_config", "function": "_log_with_kwargs", "line": 108, "taskName": "Task-2", "vm_count": 2}
{"timestamp": "2025-07-29T21:58:36.518804", "level": "INFO", "logger": "kvm_backup.api", "message": "Libvirt connection successful", "module": "logging_config", "function": "_log_with_kwargs", "line": 108, "taskName": "Task-2", "vm_count": 2}
{"timestamp": "2025-07-29T21:58:36.520368", "level": "INFO", "logger": "kvm_backup.vm_manager", "message": "Disconnected from libvirt", "module": "logging_config", "function": "_log_with_kwargs", "line": 110, "taskName": "Task-2"}
{"timestamp": "2025-07-29T21:59:09.795349", "level": "INFO", "logger": "kvm_backup.api", "message": "KVM Backup API shutting down", "module": "logging_config", "function": "_log_with_kwargs", "line": 110, "taskName": "Task-2"}
{"timestamp": "2025-07-29T21:59:10.980874", "level": "INFO", "logger": "kvm_backup.api", "message": "KVM Backup API starting up", "module": "logging_config", "function": "_log_with_kwargs", "line": 110, "taskName": "Task-2"}
{"timestamp": "2025-07-29T21:59:10.985235", "level": "INFO", "logger": "kvm_backup.vm_manager", "message": "Connected to libvirt", "module": "logging_config", "function": "_log_with_kwargs", "line": 108, "taskName": "Task-2", "uri": "qemu:///system"}
{"timestamp": "2025-07-29T21:59:10.993485", "level": "INFO", "logger": "kvm_backup.vm_manager", "message": "Found 2 VMs", "module": "logging_config", "function": "_log_with_kwargs", "line": 108, "taskName": "Task-2", "vm_count": 2}
{"timestamp": "2025-07-29T21:59:10.994989", "level": "INFO", "logger": "kvm_backup.api", "message": "Libvirt connection successful", "module": "logging_config", "function": "_log_with_kwargs", "line": 108, "taskName": "Task-2", "vm_count": 2}
{"timestamp": "2025-07-29T21:59:10.997304", "level": "INFO", "logger": "kvm_backup.vm_manager", "message": "Disconnected from libvirt", "module": "logging_config", "function": "_log_with_kwargs", "line": 110, "taskName": "Task-2"}
{"timestamp": "2025-07-29T22:01:01.224132", "level": "INFO", "logger": "kvm_backup.api", "message": "KVM Backup API shutting down", "module": "logging_config", "function": "_log_with_kwargs", "line": 110, "taskName": "Task-2"}
{"timestamp": "2025-07-29T22:01:02.448225", "level": "INFO", "logger": "kvm_backup.api", "message": "KVM Backup API starting up", "module": "logging_config", "function": "_log_with_kwargs", "line": 110, "taskName": "Task-2"}
{"timestamp": "2025-07-29T22:01:02.449831", "level": "INFO", "logger": "kvm_backup.vm_manager", "message": "Connected to libvirt", "module": "logging_config", "function": "_log_with_kwargs", "line": 108, "taskName": "Task-2", "uri": "qemu:///system"}
{"timestamp": "2025-07-29T22:01:02.454644", "level": "INFO", "logger": "kvm_backup.vm_manager", "message": "Found 2 VMs", "module": "logging_config", "function": "_log_with_kwargs", "line": 108, "taskName": "Task-2", "vm_count": 2}
{"timestamp": "2025-07-29T22:01:02.455211", "level": "INFO", "logger": "kvm_backup.api", "message": "Libvirt connection successful", "module": "logging_config", "function": "_log_with_kwargs", "line": 108, "taskName": "Task-2", "vm_count": 2}
{"timestamp": "2025-07-29T22:01:02.455759", "level": "INFO", "logger": "kvm_backup.vm_manager", "message": "Disconnected from libvirt", "module": "logging_config", "function": "_log_with_kwargs", "line": 110, "taskName": "Task-2"}
{"timestamp": "2025-07-29T22:01:14.210967", "level": "INFO", "logger": "kvm_backup.api", "message": "KVM Backup API shutting down", "module": "logging_config", "function": "_log_with_kwargs", "line": 110, "taskName": "Task-2"}
{"timestamp": "2025-07-29T22:01:15.348463", "level": "INFO", "logger": "kvm_backup.api", "message": "KVM Backup API starting up", "module": "logging_config", "function": "_log_with_kwargs", "line": 110, "taskName": "Task-2"}
{"timestamp": "2025-07-29T22:01:15.350568", "level": "INFO", "logger": "kvm_backup.vm_manager", "message": "Connected to libvirt", "module": "logging_config", "function": "_log_with_kwargs", "line": 108, "taskName": "Task-2", "uri": "qemu:///system"}
{"timestamp": "2025-07-29T22:01:15.355731", "level": "INFO", "logger": "kvm_backup.vm_manager", "message": "Found 2 VMs", "module": "logging_config", "function": "_log_with_kwargs", "line": 108, "taskName": "Task-2", "vm_count": 2}
{"timestamp": "2025-07-29T22:01:15.356211", "level": "INFO", "logger": "kvm_backup.api", "message": "Libvirt connection successful", "module": "logging_config", "function": "_log_with_kwargs", "line": 108, "taskName": "Task-2", "vm_count": 2}
{"timestamp": "2025-07-29T22:01:15.357120", "level": "INFO", "logger": "kvm_backup.vm_manager", "message": "Disconnected from libvirt", "module": "logging_config", "function": "_log_with_kwargs", "line": 110, "taskName": "Task-2"}
